<?xml version="1.0" encoding="UTF-8"?>
<!-- Generated by org.testng.reporters.JUnitReportReporter -->
<testsuite hostname="DESKTOP-3HHJ4BG" failures="0" tests="1" name="Classes.Parallelogram" time="0.000" errors="0" timestamp="2022-09-10T00:39:13 IDT" skipped="0">
  <testcase classname="Classes.Parallelogram" name="testArea" time="0.000"/>
  <system-out/>
</testsuite> <!-- Classes.Parallelogram -->
