<?xml version="1.0" encoding="UTF-8"?>
<!-- Generated by org.testng.reporters.JUnitReportReporter -->
<testsuite hostname="DESKTOP-3HHJ4BG" failures="0" tests="1" name="Classes.Sector" time="0.001" errors="0" timestamp="2022-09-11T22:55:43 IDT" skipped="0">
  <testcase classname="Classes.Sector" name="testArea" time="0.001"/>
  <system-out/>
</testsuite> <!-- Classes.Sector -->
